#-----------------------------------------------------------
# Vivado v2021.2 (64-bit)
# SW Build 3367213 on Tue Oct 19 02:48:09 MDT 2021
# IP Build 3369179 on Thu Oct 21 08:25:16 MDT 2021
# Start of session at: Thu Jun  1 15:37:14 2023
# Process ID: 12416
# Current directory: O:/ES31_S23/final_project/MorseCode_VGA
# Command line: vivado.exe -gui_launcher_event rodinguilauncherevent11720 O:\ES31_S23\final_project\MorseCode_VGA\MorseCode_VGA.xpr
# Log file: O:/ES31_S23/final_project/MorseCode_VGA/vivado.log
# Journal file: O:/ES31_S23/final_project/MorseCode_VGA\vivado.jou
# Running On: mecha-2, OS: Windows, CPU Frequency: 3504 MHz, CPU Physical cores: 4, Host memory: 16953 MB
#-----------------------------------------------------------
start_gui
open_project O:/ES31_S23/final_project/MorseCode_VGA/MorseCode_VGA.xpr
WARNING: [Board 49-26] cannot add Board Part alpha-data.com:admpa100_2ms:part0:1.0 available at C:/Xilinx/Vivado/2021.2/data/xhub/boards/XilinxBoardStore/boards/AlphaData/admpa100_2ms/1.0/board.xml as part xcvc1902-vsva2197-2mp-e-s specified in board_part file is either invalid or not available
WARNING: [Board 49-26] cannot add Board Part alpha-data.com:admpa101_2ms:part0:1.1 available at C:/Xilinx/Vivado/2021.2/data/xhub/boards/XilinxBoardStore/boards/AlphaData/admpa101_2ms/1.1/board.xml as part xcvm1802-vsva2197-2mp-e-s specified in board_part file is either invalid or not available
WARNING: [Board 49-26] cannot add Board Part avnet.com:ultra96v1:part0:1.2 available at C:/Xilinx/Vivado/2021.2/data/xhub/boards/XilinxBoardStore/boards/Avnet/ultra96v1/1.2/board.xml as part xczu3eg-sbva484-1-e specified in board_part file is either invalid or not available
WARNING: [Board 49-26] cannot add Board Part avnet.com:ultra96v2:part0:1.1 available at C:/Xilinx/Vivado/2021.2/data/xhub/boards/XilinxBoardStore/boards/Avnet/ultra96v2/1.1/board.xml as part xczu3eg-sbva484-1-i specified in board_part file is either invalid or not available
WARNING: [Board 49-26] cannot add Board Part avnet.com:ultra96v2:part0:1.2 available at C:/Xilinx/Vivado/2021.2/data/xhub/boards/XilinxBoardStore/boards/Avnet/ultra96v2/1.2/board.xml as part xczu3eg-sbva484-1-i specified in board_part file is either invalid or not available
WARNING: [Board 49-26] cannot add Board Part avnet.com:ultrazed_7ev_cc:part0:1.5 available at C:/Xilinx/Vivado/2021.2/data/xhub/boards/XilinxBoardStore/boards/Avnet/ultrazed_7ev_cc/1.5/board.xml as part xczu7ev-fbvb900-1-i specified in board_part file is either invalid or not available
WARNING: [Board 49-26] cannot add Board Part avnet.com:ultrazed_eg_iocc_production:part0:1.2 available at C:/Xilinx/Vivado/2021.2/data/xhub/boards/XilinxBoardStore/boards/Avnet/ultrazed_3eg_iocc/1.2/board.xml as part xczu3eg-sfva625-1-i specified in board_part file is either invalid or not available
WARNING: [Board 49-26] cannot add Board Part avnet.com:ultrazed_eg_pciecc_production:part0:1.3 available at C:/Xilinx/Vivado/2021.2/data/xhub/boards/XilinxBoardStore/boards/Avnet/ultrazed_3eg_pciecc/1.3/board.xml as part xczu3eg-sfva625-1-i specified in board_part file is either invalid or not available
WARNING: [Board 49-26] cannot add Board Part avnet.com:zuboard_1cg:part0:1.0 available at C:/Xilinx/Vivado/2021.2/data/xhub/boards/XilinxBoardStore/boards/Avnet/zub1cg/1.0/board.xml as part xczu1cg-sbva484-1-e specified in board_part file is either invalid or not available
WARNING: [Board 49-26] cannot add Board Part digilentinc.com:arty-s7-25:part0:1.0 available at C:/Xilinx/Vivado/2021.2/data/xhub/boards/XilinxBoardStore/boards/Digilent/arty-s7-25/E.0/board.xml as part xc7s25csga324-1 specified in board_part file is either invalid or not available
WARNING: [Board 49-26] cannot add Board Part digilentinc.com:arty-s7-50:part0:1.0 available at C:/Xilinx/Vivado/2021.2/data/xhub/boards/XilinxBoardStore/boards/Digilent/arty-s7-50/B.0/board.xml as part xc7s50csga324-1 specified in board_part file is either invalid or not available
WARNING: [Board 49-26] cannot add Board Part digilentinc.com:genesys2:part0:1.1 available at C:/Xilinx/Vivado/2021.2/data/xhub/boards/XilinxBoardStore/boards/Digilent/genesys2/H/board.xml as part xc7k325tffg900-2 specified in board_part file is either invalid or not available
WARNING: [Board 49-26] cannot add Board Part iwavesystems.com:iw-g30m-c4ev-4e002g-e008g-lia:part0:1.0 available at C:/Xilinx/Vivado/2021.2/data/xhub/boards/XilinxBoardStore/boards/iWave/iw-g30m-c4ev-4e002g-e008g-lia/1.0/board.xml as part xczu4ev-fbvb900-1-i specified in board_part file is either invalid or not available
WARNING: [Board 49-26] cannot add Board Part iwavesystems.com:iw-g30m-c7ev-4e004g-e008g-lea:part0:1.0 available at C:/Xilinx/Vivado/2021.2/data/xhub/boards/XilinxBoardStore/boards/iWave/iw-g30m-c7ev-4e004g-e008g-lea/1.0/board.xml as part xczu7ev-fbvb900-1-e specified in board_part file is either invalid or not available
WARNING: [Board 49-26] cannot add Board Part iwavesystems.com:iw-g35m-11eg-4e004g-e008g-lia:part0:1.0 available at C:/Xilinx/Vivado/2021.2/data/xhub/boards/XilinxBoardStore/boards/iWave/iw-g35m-11eg-4e004g-e008g-lia/1.0/board.xml as part xczu11eg-ffvc1760-1-i specified in board_part file is either invalid or not available
WARNING: [Board 49-26] cannot add Board Part iwavesystems.com:iw-g35m-17eg-4e004g-e008g-lia:part0:1.0 available at C:/Xilinx/Vivado/2021.2/data/xhub/boards/XilinxBoardStore/boards/iWave/iw-g35m-17eg-4e004g-e008g-lia/1.0/board.xml as part xczu17eg-ffvc1760-1-i specified in board_part file is either invalid or not available
WARNING: [Board 49-26] cannot add Board Part iwavesystems.com:iw-g35m-19eg-4e004g-e008g-lia:part0:1.0 available at C:/Xilinx/Vivado/2021.2/data/xhub/boards/XilinxBoardStore/boards/iWave/iw-g35m-19eg-4e004g-e008g-lia/1.0/board.xml as part xczu19eg-ffvc1760-1-i specified in board_part file is either invalid or not available
WARNING: [Board 49-26] cannot add Board Part iwavesystems.com:iw-g36s-2cg1-4e002g-e008g-bee:part0:1.0 available at C:/Xilinx/Vivado/2021.2/data/xhub/boards/XilinxBoardStore/boards/iWave/iw-g36s-2cg1-4e002g-e008g-bee/1.0/board.xml as part xczu2cg-sfvc784-1-e specified in board_part file is either invalid or not available
WARNING: [Board 49-26] cannot add Board Part iwavesystems.com:iw-g36s-3eg1-4e002g-e008g-bee:part0:1.0 available at C:/Xilinx/Vivado/2021.2/data/xhub/boards/XilinxBoardStore/boards/iWave/iw-g36s-3eg1-4e002g-e008g-bee/1.0/board.xml as part xczu3eg-sfvc784-1-e specified in board_part file is either invalid or not available
WARNING: [Board 49-26] cannot add Board Part iwavesystems.com:iw-g36s-4ev1-4e002g-e008g-bee:part0:1.0 available at C:/Xilinx/Vivado/2021.2/data/xhub/boards/XilinxBoardStore/boards/iWave/iw-g36s-4ev1-4e002g-e008g-bee/1.0/board.xml as part xczu4ev-sfvc784-1-e specified in board_part file is either invalid or not available
WARNING: [Board 49-26] cannot add Board Part iwavesystems.com:iw-g36s-5ev1-4e002g-e008g-bed:part0:1.0 available at C:/Xilinx/Vivado/2021.2/data/xhub/boards/XilinxBoardStore/boards/iWave/iw-g36s-5ev1-4e002g-e008g-bed/1.0/board.xml as part xczu5ev-sfvc784-1-e specified in board_part file is either invalid or not available
WARNING: [Board 49-26] cannot add Board Part iwavesystems.com:iw-g36s-5ev1-4e002g-e008g-bee:part0:1.0 available at C:/Xilinx/Vivado/2021.2/data/xhub/boards/XilinxBoardStore/boards/iWave/iw-g36s-5ev1-4e002g-e008g-bee/1.0/board.xml as part xczu5ev-sfvc784-1-e specified in board_part file is either invalid or not available
WARNING: [Board 49-26] cannot add Board Part iwavesystems.com:iw-g36s-5ev1-4e002g-e008g-beg:part0:1.0 available at C:/Xilinx/Vivado/2021.2/data/xhub/boards/XilinxBoardStore/boards/iWave/iw-g36s-5ev1-4e002g-e008g-beg/1.0/board.xml as part xczu5ev-sfvc784-1-e specified in board_part file is either invalid or not available
WARNING: [Board 49-26] cannot add Board Part opalkelly.com:brk1900-7cg:part0:1.0 available at C:/Xilinx/Vivado/2021.2/data/xhub/boards/XilinxBoardStore/boards/OpalKelly/BRK1900-7CG/1.0/board.xml as part xczu7cg-ffvc1156-1-e specified in board_part file is either invalid or not available
WARNING: [Board 49-26] cannot add Board Part opalkelly.com:brk1900-7eg:part0:1.0 available at C:/Xilinx/Vivado/2021.2/data/xhub/boards/XilinxBoardStore/boards/OpalKelly/BRK1900-7EG/1.0/board.xml as part xczu7eg-ffvc1156-1-e specified in board_part file is either invalid or not available
WARNING: [Board 49-26] cannot add Board Part opalkelly.com:brk1900-7ev:part0:1.0 available at C:/Xilinx/Vivado/2021.2/data/xhub/boards/XilinxBoardStore/boards/OpalKelly/BRK1900-7EV/1.0/board.xml as part xczu7ev-ffvc1156-1-e specified in board_part file is either invalid or not available
WARNING: [Board 49-26] cannot add Board Part opalkelly.com:xem7305-s50:part0:1.0 available at C:/Xilinx/Vivado/2021.2/data/xhub/boards/XilinxBoardStore/boards/OpalKelly/XEM7305-S50/1.0/board.xml as part xc7s50csga324-1 specified in board_part file is either invalid or not available
WARNING: [Board 49-26] cannot add Board Part opalkelly.com:xem7350-k160t:part0:1.0 available at C:/Xilinx/Vivado/2021.2/data/xhub/boards/XilinxBoardStore/boards/OpalKelly/XEM7350-K160T/1.0/board.xml as part xc7k160tffg676-1 specified in board_part file is either invalid or not available
WARNING: [Board 49-26] cannot add Board Part opalkelly.com:xem7350-k410t-3e:part0:1.0 available at C:/Xilinx/Vivado/2021.2/data/xhub/boards/XilinxBoardStore/boards/OpalKelly/XEM7350-K410T-3E/1.0/board.xml as part xc7k410tffg676-3 specified in board_part file is either invalid or not available
WARNING: [Board 49-26] cannot add Board Part opalkelly.com:xem7350-k410t:part0:1.0 available at C:/Xilinx/Vivado/2021.2/data/xhub/boards/XilinxBoardStore/boards/OpalKelly/XEM7350-K410T/1.0/board.xml as part xc7k410tffg676-1 specified in board_part file is either invalid or not available
WARNING: [Board 49-26] cannot add Board Part opalkelly.com:xem7350-k70t:part0:1.0 available at C:/Xilinx/Vivado/2021.2/data/xhub/boards/XilinxBoardStore/boards/OpalKelly/XEM7350-K70T/1.0/board.xml as part xc7k70tfbg676-1 specified in board_part file is either invalid or not available
WARNING: [Board 49-26] cannot add Board Part opalkelly.com:xem7360-k160t-3e:part0:1.0 available at C:/Xilinx/Vivado/2021.2/data/xhub/boards/XilinxBoardStore/boards/OpalKelly/XEM7360-K160T-3E/1.0/board.xml as part xc7k160tffg676-3 specified in board_part file is either invalid or not available
WARNING: [Board 49-26] cannot add Board Part opalkelly.com:xem7360-k160t:part0:1.0 available at C:/Xilinx/Vivado/2021.2/data/xhub/boards/XilinxBoardStore/boards/OpalKelly/XEM7360-K160T/1.0/board.xml as part xc7k160tffg676-1 specified in board_part file is either invalid or not available
WARNING: [Board 49-26] cannot add Board Part opalkelly.com:xem7360-k410t-3e:part0:1.0 available at C:/Xilinx/Vivado/2021.2/data/xhub/boards/XilinxBoardStore/boards/OpalKelly/XEM7360-K410T-3E/1.0/board.xml as part xc7k410tffg676-3 specified in board_part file is either invalid or not available
WARNING: [Board 49-26] cannot add Board Part opalkelly.com:xem7360-k410t:part0:1.0 available at C:/Xilinx/Vivado/2021.2/data/xhub/boards/XilinxBoardStore/boards/OpalKelly/XEM7360-K410T/1.0/board.xml as part xc7k410tffg676-1 specified in board_part file is either invalid or not available
WARNING: [Board 49-26] cannot add Board Part opalkelly.com:xem8310-au25p:part0:1.0 available at C:/Xilinx/Vivado/2021.2/data/xhub/boards/XilinxBoardStore/boards/OpalKelly/XEM8310-AU25P/1.0/board.xml as part xcau25p-ffvb676-2-e specified in board_part file is either invalid or not available
WARNING: [Board 49-26] cannot add Board Part opalkelly.com:xem8320-au25p:part0:1.2 available at C:/Xilinx/Vivado/2021.2/data/xhub/boards/XilinxBoardStore/boards/OpalKelly/XEM8320-AU25P/1.2/board.xml as part xcau25p-ffvb676-2-e specified in board_part file is either invalid or not available
WARNING: [Board 49-26] cannot add Board Part opalkelly.com:xem8350-ku060-3e:part0:1.0 available at C:/Xilinx/Vivado/2021.2/data/xhub/boards/XilinxBoardStore/boards/OpalKelly/XEM8350-KU060-3E/1.0/board.xml as part xcku060-ffva1517-3-e specified in board_part file is either invalid or not available
WARNING: [Board 49-26] cannot add Board Part opalkelly.com:xem8350-ku060:part0:1.0 available at C:/Xilinx/Vivado/2021.2/data/xhub/boards/XilinxBoardStore/boards/OpalKelly/XEM8350-KU060/1.0/board.xml as part xcku060-ffva1517-1-c specified in board_part file is either invalid or not available
WARNING: [Board 49-26] cannot add Board Part opalkelly.com:xem8350-ku115:part0:1.0 available at C:/Xilinx/Vivado/2021.2/data/xhub/boards/XilinxBoardStore/boards/OpalKelly/XEM8350-KU115/1.0/board.xml as part xcku115-flva1517-1-c specified in board_part file is either invalid or not available
WARNING: [Board 49-26] cannot add Board Part trenz.biz:am0010_3eg_1i:part0:1.0 available at C:/Xilinx/Vivado/2021.2/data/xhub/boards/XilinxBoardStore/boards/Trenz_Electronic/AM0010_3EG_1I/1.0/board.xml as part xczu3eg-sfvc784-1-i specified in board_part file is either invalid or not available
WARNING: [Board 49-26] cannot add Board Part trenz.biz:am0010_4ev_1e:part0:1.0 available at C:/Xilinx/Vivado/2021.2/data/xhub/boards/XilinxBoardStore/boards/Trenz_Electronic/AM0010_4EV_1E/1.0/board.xml as part xczu4ev-sfvc784-1-e specified in board_part file is either invalid or not available
WARNING: [Board 49-26] cannot add Board Part trenz.biz:te0741_070_2c:part0:1.0 available at C:/Xilinx/Vivado/2021.2/data/xhub/boards/XilinxBoardStore/boards/Trenz_Electronic/TE0741_70_2C/1.0/board.xml as part xc7k70tfbg676-2 specified in board_part file is either invalid or not available
WARNING: [Board 49-26] cannot add Board Part trenz.biz:te0741_070_2i:part0:1.0 available at C:/Xilinx/Vivado/2021.2/data/xhub/boards/XilinxBoardStore/boards/Trenz_Electronic/TE0741_70_2I/1.0/board.xml as part xc7k70tfbg676-2 specified in board_part file is either invalid or not available
WARNING: [Board 49-26] cannot add Board Part trenz.biz:te0741_160_2c:part0:1.0 available at C:/Xilinx/Vivado/2021.2/data/xhub/boards/XilinxBoardStore/boards/Trenz_Electronic/TE0741_160_2C/1.0/board.xml as part xc7k160tfbg676-2 specified in board_part file is either invalid or not available
WARNING: [Board 49-26] cannot add Board Part trenz.biz:te0741_160_2c:part0:2.0 available at C:/Xilinx/Vivado/2021.2/data/xhub/boards/XilinxBoardStore/boards/Trenz_Electronic/TE0741_160_2C/2.0/board.xml as part xc7k160tffg676-2 specified in board_part file is either invalid or not available
WARNING: [Board 49-26] cannot add Board Part trenz.biz:te0741_160_2i:part0:1.0 available at C:/Xilinx/Vivado/2021.2/data/xhub/boards/XilinxBoardStore/boards/Trenz_Electronic/TE0741_160_2I/1.0/board.xml as part xc7k160tfbg676-2 specified in board_part file is either invalid or not available
WARNING: [Board 49-26] cannot add Board Part trenz.biz:te0741_160_3e:part0:2.0 available at C:/Xilinx/Vivado/2021.2/data/xhub/boards/XilinxBoardStore/boards/Trenz_Electronic/TE0741_160_3E/2.0/board.xml as part xc7k160tffg676-3 specified in board_part file is either invalid or not available
WARNING: [Board 49-26] cannot add Board Part trenz.biz:te0741_325_2c:part0:1.0 available at C:/Xilinx/Vivado/2021.2/data/xhub/boards/XilinxBoardStore/boards/Trenz_Electronic/TE0741_325_2C/1.0/board.xml as part xc7k325tfbg676-2 specified in board_part file is either invalid or not available
WARNING: [Board 49-26] cannot add Board Part trenz.biz:te0741_325_2i:part0:1.0 available at C:/Xilinx/Vivado/2021.2/data/xhub/boards/XilinxBoardStore/boards/Trenz_Electronic/TE0741_325_2I/1.0/board.xml as part xc7k325tfbg676-2 specified in board_part file is either invalid or not available
WARNING: [Board 49-26] cannot add Board Part trenz.biz:te0741_410_2c:part0:1.0 available at C:/Xilinx/Vivado/2021.2/data/xhub/boards/XilinxBoardStore/boards/Trenz_Electronic/TE0741_410_2C/1.0/board.xml as part xc7k410tfbg676-2 specified in board_part file is either invalid or not available
WARNING: [Board 49-26] cannot add Board Part trenz.biz:te0741_410_2i:part0:1.0 available at C:/Xilinx/Vivado/2021.2/data/xhub/boards/XilinxBoardStore/boards/Trenz_Electronic/TE0741_410_2I/1.0/board.xml as part xc7k410tfbg676-2 specified in board_part file is either invalid or not available
WARNING: [Board 49-26] cannot add Board Part trenz.biz:te0802_2cg_1e:part0:1.0 available at C:/Xilinx/Vivado/2021.2/data/xhub/boards/XilinxBoardStore/boards/Trenz_Electronic/TE0802_2CG_1E/1.0/board.xml as part xczu2cg-sbva484-1-e specified in board_part file is either invalid or not available
WARNING: [Board 49-26] cannot add Board Part trenz.biz:te0802_2cg_1e:part0:2.0 available at C:/Xilinx/Vivado/2021.2/data/xhub/boards/XilinxBoardStore/boards/Trenz_Electronic/TE0802_2CG_1E/2.0/board.xml as part xczu2cg-sbva484-1-e specified in board_part file is either invalid or not available
WARNING: [Board 49-26] cannot add Board Part trenz.biz:te0803_2cg_1e:part0:1.0 available at C:/Xilinx/Vivado/2021.2/data/xhub/boards/XilinxBoardStore/boards/Trenz_Electronic/TE0803_2CG_1E/1.0/board.xml as part xczu2cg-sfvc784-1-e specified in board_part file is either invalid or not available
WARNING: [Board 49-26] cannot add Board Part trenz.biz:te0803_2cg_1e_tebf0808:part0:2.0 available at C:/Xilinx/Vivado/2021.2/data/xhub/boards/XilinxBoardStore/boards/Trenz_Electronic/TE0803_2CG_1E/2.0/board.xml as part xczu2cg-sfvc784-1-e specified in board_part file is either invalid or not available
WARNING: [Board 49-26] cannot add Board Part trenz.biz:te0803_2eg_1e:part0:1.0 available at C:/Xilinx/Vivado/2021.2/data/xhub/boards/XilinxBoardStore/boards/Trenz_Electronic/TE0803_2EG_1E/1.0/board.xml as part xczu2eg-sfvc784-1-e specified in board_part file is either invalid or not available
WARNING: [Board 49-26] cannot add Board Part trenz.biz:te0803_2eg_1e_tebf0808:part0:2.0 available at C:/Xilinx/Vivado/2021.2/data/xhub/boards/XilinxBoardStore/boards/Trenz_Electronic/TE0803_2EG_1E/2.0/board.xml as part xczu2eg-sfvc784-1-e specified in board_part file is either invalid or not available
WARNING: [Board 49-26] cannot add Board Part trenz.biz:te0803_3cg_1e:part0:1.0 available at C:/Xilinx/Vivado/2021.2/data/xhub/boards/XilinxBoardStore/boards/Trenz_Electronic/TE0803_3CG_1E/1.0/board.xml as part xczu3cg-sfvc784-1-e specified in board_part file is either invalid or not available
WARNING: [Board 49-26] cannot add Board Part trenz.biz:te0803_3cg_1e:part0:5.0 available at C:/Xilinx/Vivado/2021.2/data/xhub/boards/XilinxBoardStore/boards/Trenz_Electronic/TE0803_3CG_1E/5.0/board.xml as part xczu3cg-sfvc784-1-e specified in board_part file is either invalid or not available
WARNING: [Board 49-26] cannot add Board Part trenz.biz:te0803_3cg_1e_tebf0808:part0:2.0 available at C:/Xilinx/Vivado/2021.2/data/xhub/boards/XilinxBoardStore/boards/Trenz_Electronic/TE0803_3CG_1E/2.0/board.xml as part xczu3cg-sfvc784-1-e specified in board_part file is either invalid or not available
WARNING: [Board 49-26] cannot add Board Part trenz.biz:te0803_3cg_1e_tebf0808:part0:6.0 available at C:/Xilinx/Vivado/2021.2/data/xhub/boards/XilinxBoardStore/boards/Trenz_Electronic/TE0803_3CG_1E/6.0/board.xml as part xczu3cg-sfvc784-1-e specified in board_part file is either invalid or not available
WARNING: [Board 49-26] cannot add Board Part trenz.biz:te0803_3eg_1e:part0:1.0 available at C:/Xilinx/Vivado/2021.2/data/xhub/boards/XilinxBoardStore/boards/Trenz_Electronic/TE0803_3EG_1E/1.0/board.xml as part xczu3eg-sfvc784-1-e specified in board_part file is either invalid or not available
WARNING: [Board 49-26] cannot add Board Part trenz.biz:te0803_3eg_1e:part0:3.0 available at C:/Xilinx/Vivado/2021.2/data/xhub/boards/XilinxBoardStore/boards/Trenz_Electronic/TE0803_3EG_1E/3.0/board.xml as part xczu3eg-sfvc784-1-e specified in board_part file is either invalid or not available
WARNING: [Board 49-26] cannot add Board Part trenz.biz:te0803_3eg_1e:part0:5.0 available at C:/Xilinx/Vivado/2021.2/data/xhub/boards/XilinxBoardStore/boards/Trenz_Electronic/TE0803_3EG_1E/5.0/board.xml as part xczu3eg-sfvc784-1-e specified in board_part file is either invalid or not available
WARNING: [Board 49-26] cannot add Board Part trenz.biz:te0803_3eg_1e_tebf0808:part0:2.0 available at C:/Xilinx/Vivado/2021.2/data/xhub/boards/XilinxBoardStore/boards/Trenz_Electronic/TE0803_3EG_1E/2.0/board.xml as part xczu3eg-sfvc784-1-e specified in board_part file is either invalid or not available
WARNING: [Board 49-26] cannot add Board Part trenz.biz:te0803_3eg_1e_tebf0808:part0:4.0 available at C:/Xilinx/Vivado/2021.2/data/xhub/boards/XilinxBoardStore/boards/Trenz_Electronic/TE0803_3EG_1E/4.0/board.xml as part xczu3eg-sfvc784-1-e specified in board_part file is either invalid or not available
WARNING: [Board 49-26] cannot add Board Part trenz.biz:te0803_3eg_1e_tebf0808:part0:6.0 available at C:/Xilinx/Vivado/2021.2/data/xhub/boards/XilinxBoardStore/boards/Trenz_Electronic/TE0803_3EG_1E/6.0/board.xml as part xczu3eg-sfvc784-1-e specified in board_part file is either invalid or not available
WARNING: [Board 49-26] cannot add Board Part trenz.biz:te0803_3eg_1i:part0:3.0 available at C:/Xilinx/Vivado/2021.2/data/xhub/boards/XilinxBoardStore/boards/Trenz_Electronic/TE0803_3EG_1I/3.0/board.xml as part xczu3eg-sfvc784-1-i specified in board_part file is either invalid or not available
WARNING: [Board 49-26] cannot add Board Part trenz.biz:te0803_3eg_1i_tebf0808:part0:4.0 available at C:/Xilinx/Vivado/2021.2/data/xhub/boards/XilinxBoardStore/boards/Trenz_Electronic/TE0803_3EG_1I/4.0/board.xml as part xczu3eg-sfvc784-1-i specified in board_part file is either invalid or not available
WARNING: [Board 49-26] cannot add Board Part trenz.biz:te0803_3eg_1li:part0:3.0 available at C:/Xilinx/Vivado/2021.2/data/xhub/boards/XilinxBoardStore/boards/Trenz_Electronic/TE0803_3EG_1LI/3.0/board.xml as part xczu3eg-sfvc784-1l-i specified in board_part file is either invalid or not available
WARNING: [Board 49-26] cannot add Board Part trenz.biz:te0803_3eg_1li_tebf0808:part0:4.0 available at C:/Xilinx/Vivado/2021.2/data/xhub/boards/XilinxBoardStore/boards/Trenz_Electronic/TE0803_3EG_1LI/4.0/board.xml as part xczu3eg-sfvc784-1l-i specified in board_part file is either invalid or not available
WARNING: [Board 49-26] cannot add Board Part trenz.biz:te0803_4cg_1e:part0:1.0 available at C:/Xilinx/Vivado/2021.2/data/xhub/boards/XilinxBoardStore/boards/Trenz_Electronic/TE0803_4CG_1E/1.0/board.xml as part xczu4cg-sfvc784-1-e specified in board_part file is either invalid or not available
WARNING: [Board 49-26] cannot add Board Part trenz.biz:te0803_4cg_1e_tebf0808:part0:2.0 available at C:/Xilinx/Vivado/2021.2/data/xhub/boards/XilinxBoardStore/boards/Trenz_Electronic/TE0803_4CG_1E/2.0/board.xml as part xczu4cg-sfvc784-1-e specified in board_part file is either invalid or not available
WARNING: [Board 49-26] cannot add Board Part trenz.biz:te0803_4eg_1e:part0:1.0 available at C:/Xilinx/Vivado/2021.2/data/xhub/boards/XilinxBoardStore/boards/Trenz_Electronic/TE0803_4EG_1E/1.0/board.xml as part xczu4eg-sfvc784-1-e specified in board_part file is either invalid or not available
WARNING: [Board 49-26] cannot add Board Part trenz.biz:te0803_4eg_1e:part0:3.0 available at C:/Xilinx/Vivado/2021.2/data/xhub/boards/XilinxBoardStore/boards/Trenz_Electronic/TE0803_4EG_1E/3.0/board.xml as part xczu4eg-sfvc784-1-e specified in board_part file is either invalid or not available
WARNING: [Board 49-26] cannot add Board Part trenz.biz:te0803_4eg_1e_tebf0808:part0:2.0 available at C:/Xilinx/Vivado/2021.2/data/xhub/boards/XilinxBoardStore/boards/Trenz_Electronic/TE0803_4EG_1E/2.0/board.xml as part xczu4eg-sfvc784-1-e specified in board_part file is either invalid or not available
WARNING: [Board 49-26] cannot add Board Part trenz.biz:te0803_4eg_1e_tebf0808:part0:4.0 available at C:/Xilinx/Vivado/2021.2/data/xhub/boards/XilinxBoardStore/boards/Trenz_Electronic/TE0803_4EG_1E/4.0/board.xml as part xczu4eg-sfvc784-1-e specified in board_part file is either invalid or not available
WARNING: [Board 49-26] cannot add Board Part trenz.biz:te0803_4eg_1i:part0:3.0 available at C:/Xilinx/Vivado/2021.2/data/xhub/boards/XilinxBoardStore/boards/Trenz_Electronic/TE0803_4EG_1I/3.0/board.xml as part xczu4eg-sfvc784-1-i specified in board_part file is either invalid or not available
WARNING: [Board 49-26] cannot add Board Part trenz.biz:te0803_4eg_1i:part0:5.0 available at C:/Xilinx/Vivado/2021.2/data/xhub/boards/XilinxBoardStore/boards/Trenz_Electronic/TE0803_4EG_1I/5.0/board.xml as part xczu4eg-sfvc784-1-i specified in board_part file is either invalid or not available
WARNING: [Board 49-26] cannot add Board Part trenz.biz:te0803_4eg_1i_tebf0808:part0:4.0 available at C:/Xilinx/Vivado/2021.2/data/xhub/boards/XilinxBoardStore/boards/Trenz_Electronic/TE0803_4EG_1I/4.0/board.xml as part xczu4eg-sfvc784-1-i specified in board_part file is either invalid or not available
WARNING: [Board 49-26] cannot add Board Part trenz.biz:te0803_4eg_1i_tebf0808:part0:6.0 available at C:/Xilinx/Vivado/2021.2/data/xhub/boards/XilinxBoardStore/boards/Trenz_Electronic/TE0803_4EG_1I/6.0/board.xml as part xczu4eg-sfvc784-1-i specified in board_part file is either invalid or not available
WARNING: [Board 49-26] cannot add Board Part trenz.biz:te0803_4eg_2e:part0:1.0 available at C:/Xilinx/Vivado/2021.2/data/xhub/boards/XilinxBoardStore/boards/Trenz_Electronic/TE0803_4EG_2E/1.0/board.xml as part xczu4eg-sfvc784-2-e specified in board_part file is either invalid or not available
WARNING: [Board 49-26] cannot add Board Part trenz.biz:te0803_4eg_2e:part0:3.0 available at C:/Xilinx/Vivado/2021.2/data/xhub/boards/XilinxBoardStore/boards/Trenz_Electronic/TE0803_4EG_2E/3.0/board.xml as part xczu4eg-sfvc784-2-e specified in board_part file is either invalid or not available
WARNING: [Board 49-26] cannot add Board Part trenz.biz:te0803_4eg_2e_tebf0808:part0:2.0 available at C:/Xilinx/Vivado/2021.2/data/xhub/boards/XilinxBoardStore/boards/Trenz_Electronic/TE0803_4EG_2E/2.0/board.xml as part xczu4eg-sfvc784-2-e specified in board_part file is either invalid or not available
WARNING: [Board 49-26] cannot add Board Part trenz.biz:te0803_4eg_2e_tebf0808:part0:4.0 available at C:/Xilinx/Vivado/2021.2/data/xhub/boards/XilinxBoardStore/boards/Trenz_Electronic/TE0803_4EG_2E/4.0/board.xml as part xczu4eg-sfvc784-2-e specified in board_part file is either invalid or not available
WARNING: [Board 49-26] cannot add Board Part trenz.biz:te0803_4eg_2i:part0:1.0 available at C:/Xilinx/Vivado/2021.2/data/xhub/boards/XilinxBoardStore/boards/Trenz_Electronic/TE0803_4EG_2I/1.0/board.xml as part xczu4eg-sfvc784-2-i specified in board_part file is either invalid or not available
WARNING: [Board 49-26] cannot add Board Part trenz.biz:te0803_4eg_2i:part0:3.0 available at C:/Xilinx/Vivado/2021.2/data/xhub/boards/XilinxBoardStore/boards/Trenz_Electronic/TE0803_4EG_2I/3.0/board.xml as part xczu4eg-sfvc784-2-i specified in board_part file is either invalid or not available
WARNING: [Board 49-26] cannot add Board Part trenz.biz:te0803_4eg_2i_tebf0808:part0:2.0 available at C:/Xilinx/Vivado/2021.2/data/xhub/boards/XilinxBoardStore/boards/Trenz_Electronic/TE0803_4EG_2I/2.0/board.xml as part xczu4eg-sfvc784-2-i specified in board_part file is either invalid or not available
WARNING: [Board 49-26] cannot add Board Part trenz.biz:te0803_4eg_2i_tebf0808:part0:4.0 available at C:/Xilinx/Vivado/2021.2/data/xhub/boards/XilinxBoardStore/boards/Trenz_Electronic/TE0803_4EG_2I/4.0/board.xml as part xczu4eg-sfvc784-2-i specified in board_part file is either invalid or not available
WARNING: [Board 49-26] cannot add Board Part trenz.biz:te0803_4ev_1e:part0:1.0 available at C:/Xilinx/Vivado/2021.2/data/xhub/boards/XilinxBoardStore/boards/Trenz_Electronic/TE0803_4EV_1E/1.0/board.xml as part xczu4ev-sfvc784-1-e specified in board_part file is either invalid or not available
WARNING: [Board 49-26] cannot add Board Part trenz.biz:te0803_4ev_1e:part0:3.0 available at C:/Xilinx/Vivado/2021.2/data/xhub/boards/XilinxBoardStore/boards/Trenz_Electronic/TE0803_4EV_1E/3.0/board.xml as part xczu4ev-sfvc784-1-e specified in board_part file is either invalid or not available
WARNING: [Board 49-26] cannot add Board Part trenz.biz:te0803_4ev_1e_tebf0808:part0:2.0 available at C:/Xilinx/Vivado/2021.2/data/xhub/boards/XilinxBoardStore/boards/Trenz_Electronic/TE0803_4EV_1E/2.0/board.xml as part xczu4ev-sfvc784-1-e specified in board_part file is either invalid or not available
WARNING: [Board 49-26] cannot add Board Part trenz.biz:te0803_4ev_1e_tebf0808:part0:4.0 available at C:/Xilinx/Vivado/2021.2/data/xhub/boards/XilinxBoardStore/boards/Trenz_Electronic/TE0803_4EV_1E/4.0/board.xml as part xczu4ev-sfvc784-1-e specified in board_part file is either invalid or not available
WARNING: [Board 49-26] cannot add Board Part trenz.biz:te0803_4ev_1i:part0:3.0 available at C:/Xilinx/Vivado/2021.2/data/xhub/boards/XilinxBoardStore/boards/Trenz_Electronic/TE0803_4EV_1I/3.0/board.xml as part xczu4ev-sfvc784-1-i specified in board_part file is either invalid or not available
WARNING: [Board 49-26] cannot add Board Part trenz.biz:te0803_4ev_1i_tebf0808:part0:4.0 available at C:/Xilinx/Vivado/2021.2/data/xhub/boards/XilinxBoardStore/boards/Trenz_Electronic/TE0803_4EV_1I/4.0/board.xml as part xczu4ev-sfvc784-1-i specified in board_part file is either invalid or not available
WARNING: [Board 49-26] cannot add Board Part trenz.biz:te0803_5eg_1e:part0:1.0 available at C:/Xilinx/Vivado/2021.2/data/xhub/boards/XilinxBoardStore/boards/Trenz_Electronic/TE0803_5EG_1E/1.0/board.xml as part xczu5eg-sfvc784-1-e specified in board_part file is either invalid or not available
WARNING: [Board 49-26] cannot add Board Part trenz.biz:te0803_5eg_1e_tebf0808:part0:2.0 available at C:/Xilinx/Vivado/2021.2/data/xhub/boards/XilinxBoardStore/boards/Trenz_Electronic/TE0803_5EG_1E/2.0/board.xml as part xczu5eg-sfvc784-1-e specified in board_part file is either invalid or not available
WARNING: [Board 49-26] cannot add Board Part trenz.biz:te0803_5ev_1e:part0:1.0 available at C:/Xilinx/Vivado/2021.2/data/xhub/boards/XilinxBoardStore/boards/Trenz_Electronic/TE0803_5EV_1E/1.0/board.xml as part xczu5ev-sfvc784-1-e specified in board_part file is either invalid or not available
WARNING: [Board 49-26] cannot add Board Part trenz.biz:te0803_5ev_1e_tebf0808:part0:2.0 available at C:/Xilinx/Vivado/2021.2/data/xhub/boards/XilinxBoardStore/boards/Trenz_Electronic/TE0803_5EV_1E/2.0/board.xml as part xczu5ev-sfvc784-1-e specified in board_part file is either invalid or not available
INFO: [Common 17-14] Message 'Board 49-26' appears 100 times and further instances of the messages will be disabled. Use the Tcl command set_msg_config to change the current settings.
Scanning sources...
Finished scanning sources
INFO: [IP_Flow 19-234] Refreshing IP repositories
INFO: [IP_Flow 19-1704] No user IP repositories specified
INFO: [IP_Flow 19-2313] Loaded Vivado IP repository 'C:/Xilinx/Vivado/2021.2/data/ip'.
open_project: Time (s): cpu = 00:00:35 ; elapsed = 00:00:16 . Memory (MB): peak = 1419.695 ; gain = 180.969
update_compile_order -fileset sources_1
exit
INFO: [Common 17-206] Exiting Vivado at Thu Jun  1 15:55:27 2023...
